<?xml version="1.0" encoding="UTF-8"?>
<coverage generated="1513023847862" clover="3.2.0">
  <project timestamp="1513023847862" name="All files">
    <metrics statements="30" coveredstatements="30" conditionals="10" coveredconditionals="10" methods="7" coveredmethods="7" elements="47" coveredelements="47" complexity="0" loc="30" ncloc="30" packages="1" files="1" classes="1">
      <file name="CLIAction.js" path="/home/jay/codeBase/co-koa-cli/lib/CLIAction.js">
        <metrics statements="30" coveredstatements="30" conditionals="10" coveredconditionals="10" methods="7" coveredmethods="7"/>
        <line num="3" count="1" type="stmt"/>
        <line num="4" count="1" type="stmt"/>
        <line num="5" count="1" type="stmt"/>
        <line num="6" count="1" type="stmt"/>
        <line num="11" count="1" type="stmt"/>
        <line num="13" count="1" type="stmt"/>
        <line num="15" count="6" type="stmt"/>
        <line num="18" count="2" type="stmt"/>
        <line num="19" count="2" type="stmt"/>
        <line num="20" count="2" type="stmt"/>
        <line num="21" count="2" type="stmt"/>
        <line num="22" count="2" type="stmt"/>
        <line num="23" count="2" type="stmt"/>
        <line num="26" count="2" type="stmt"/>
        <line num="30" count="2" type="stmt"/>
        <line num="31" count="2" type="cond" truecount="2" falsecount="0"/>
        <line num="32" count="1" type="stmt"/>
        <line num="33" count="2" type="stmt"/>
        <line num="37" count="6" type="stmt"/>
        <line num="39" count="6" type="cond" truecount="2" falsecount="0"/>
        <line num="40" count="5" type="cond" truecount="4" falsecount="0"/>
        <line num="42" count="2" type="cond" truecount="2" falsecount="0"/>
        <line num="43" count="2" type="stmt"/>
        <line num="44" count="2" type="stmt"/>
        <line num="48" count="3" type="stmt"/>
        <line num="49" count="3" type="stmt"/>
        <line num="52" count="1" type="stmt"/>
        <line num="53" count="1" type="stmt"/>
        <line num="55" count="1" type="stmt"/>
        <line num="61" count="6" type="stmt"/>
      </file>
    </metrics>
  </project>
</coverage>
