<?xml version="1.0" encoding="UTF-8"?>
<coverage generated="1536333026221" clover="3.2.0">
  <project timestamp="1536333026221" name="All files">
    <metrics statements="118" coveredstatements="118" conditionals="29" coveredconditionals="29" methods="26" coveredmethods="26" elements="173" coveredelements="173" complexity="0" loc="118" ncloc="118" packages="2" files="7" classes="7">
      <package name="lib">
        <metrics statements="75" coveredstatements="75" conditionals="23" coveredconditionals="23" methods="17" coveredmethods="17"/>
        <file name="CLIAction.js" path="/home/jay/codeBase/node/co-koa-cli/lib/CLIAction.js">
          <metrics statements="30" coveredstatements="30" conditionals="12" coveredconditionals="12" methods="8" coveredmethods="8"/>
          <line num="3" count="1" type="stmt"/>
          <line num="4" count="1" type="stmt"/>
          <line num="5" count="1" type="stmt"/>
          <line num="6" count="1" type="stmt"/>
          <line num="11" count="1" type="stmt"/>
          <line num="13" count="1" type="stmt"/>
          <line num="15" count="6" type="stmt"/>
          <line num="16" count="6" type="stmt"/>
          <line num="18" count="2" type="stmt"/>
          <line num="19" count="2" type="stmt"/>
          <line num="20" count="2" type="stmt"/>
          <line num="21" count="2" type="stmt"/>
          <line num="22" count="2" type="stmt"/>
          <line num="25" count="2" type="stmt"/>
          <line num="29" count="2" type="stmt"/>
          <line num="30" count="2" type="cond" truecount="2" falsecount="0"/>
          <line num="31" count="1" type="stmt"/>
          <line num="32" count="2" type="stmt"/>
          <line num="36" count="6" type="stmt"/>
          <line num="37" count="6" type="cond" truecount="2" falsecount="0"/>
          <line num="38" count="5" type="cond" truecount="6" falsecount="0"/>
          <line num="40" count="2" type="cond" truecount="2" falsecount="0"/>
          <line num="41" count="2" type="stmt"/>
          <line num="42" count="2" type="stmt"/>
          <line num="48" count="3" type="stmt"/>
          <line num="49" count="3" type="stmt"/>
          <line num="52" count="1" type="stmt"/>
          <line num="53" count="1" type="stmt"/>
          <line num="55" count="1" type="stmt"/>
          <line num="60" count="6" type="stmt"/>
        </file>
        <file name="Component.js" path="/home/jay/codeBase/node/co-koa-cli/lib/Component.js">
          <metrics statements="30" coveredstatements="30" conditionals="11" coveredconditionals="11" methods="5" coveredmethods="5"/>
          <line num="3" count="1" type="stmt"/>
          <line num="4" count="1" type="stmt"/>
          <line num="6" count="1" type="stmt"/>
          <line num="8" count="1" type="stmt"/>
          <line num="10" count="3" type="stmt"/>
          <line num="13" count="4" type="stmt"/>
          <line num="16" count="4" type="cond" truecount="4" falsecount="0"/>
          <line num="17" count="1" type="stmt"/>
          <line num="18" count="1" type="stmt"/>
          <line num="19" count="1" type="stmt"/>
          <line num="20" count="1" type="stmt"/>
          <line num="24" count="4" type="cond" truecount="3" falsecount="0"/>
          <line num="26" count="2" type="stmt"/>
          <line num="27" count="2" type="stmt"/>
          <line num="31" count="3" type="stmt"/>
          <line num="32" count="6" type="stmt"/>
          <line num="33" count="6" type="cond" truecount="2" falsecount="0"/>
          <line num="34" count="5" type="stmt"/>
          <line num="35" count="5" type="cond" truecount="2" falsecount="0"/>
          <line num="36" count="4" type="stmt"/>
          <line num="37" count="4" type="stmt"/>
          <line num="38" count="4" type="stmt"/>
          <line num="39" count="4" type="stmt"/>
          <line num="42" count="4" type="stmt"/>
          <line num="43" count="1" type="stmt"/>
          <line num="44" count="5" type="stmt"/>
          <line num="45" count="1" type="stmt"/>
          <line num="47" count="1" type="stmt"/>
          <line num="48" count="1" type="stmt"/>
          <line num="54" count="3" type="stmt"/>
        </file>
        <file name="Project.js" path="/home/jay/codeBase/node/co-koa-cli/lib/Project.js">
          <metrics statements="10" coveredstatements="10" conditionals="0" coveredconditionals="0" methods="2" coveredmethods="2"/>
          <line num="3" count="1" type="stmt"/>
          <line num="4" count="1" type="stmt"/>
          <line num="5" count="1" type="stmt"/>
          <line num="7" count="2" type="stmt"/>
          <line num="9" count="2" type="stmt"/>
          <line num="10" count="2" type="stmt"/>
          <line num="11" count="2" type="stmt"/>
          <line num="15" count="1" type="stmt"/>
          <line num="17" count="1" type="stmt"/>
          <line num="23" count="2" type="stmt"/>
        </file>
        <file name="YargOptions.js" path="/home/jay/codeBase/node/co-koa-cli/lib/YargOptions.js">
          <metrics statements="5" coveredstatements="5" conditionals="0" coveredconditionals="0" methods="2" coveredmethods="2"/>
          <line num="3" count="1" type="stmt"/>
          <line num="5" count="1" type="stmt"/>
          <line num="7" count="1" type="stmt"/>
          <line num="8" count="1" type="stmt"/>
          <line num="38" count="1" type="stmt"/>
        </file>
      </package>
      <package name="lib.helpers">
        <metrics statements="43" coveredstatements="43" conditionals="6" coveredconditionals="6" methods="9" coveredmethods="9"/>
        <file name="AbstractHelper.js" path="/home/jay/codeBase/node/co-koa-cli/lib/helpers/AbstractHelper.js">
          <metrics statements="8" coveredstatements="8" conditionals="4" coveredconditionals="4" methods="1" coveredmethods="1"/>
          <line num="3" count="3" type="stmt"/>
          <line num="5" count="3" type="stmt"/>
          <line num="9" count="12" type="cond" truecount="2" falsecount="0"/>
          <line num="10" count="11" type="stmt"/>
          <line num="11" count="11" type="stmt"/>
          <line num="12" count="10" type="cond" truecount="2" falsecount="0"/>
          <line num="14" count="2" type="stmt"/>
          <line num="16" count="1" type="stmt"/>
        </file>
        <file name="ComponentHelper.js" path="/home/jay/codeBase/node/co-koa-cli/lib/helpers/ComponentHelper.js">
          <metrics statements="13" coveredstatements="13" conditionals="2" coveredconditionals="2" methods="4" coveredmethods="4"/>
          <line num="3" count="1" type="stmt"/>
          <line num="4" count="1" type="stmt"/>
          <line num="6" count="1" type="stmt"/>
          <line num="8" count="1" type="stmt"/>
          <line num="11" count="8" type="stmt"/>
          <line num="12" count="8" type="cond" truecount="2" falsecount="0"/>
          <line num="13" count="4" type="stmt"/>
          <line num="15" count="8" type="stmt"/>
          <line num="18" count="2" type="stmt"/>
          <line num="20" count="2" type="stmt"/>
          <line num="24" count="8" type="stmt"/>
          <line num="27" count="2" type="stmt"/>
          <line num="31" count="2" type="stmt"/>
        </file>
        <file name="ProjectHelper.js" path="/home/jay/codeBase/node/co-koa-cli/lib/helpers/ProjectHelper.js">
          <metrics statements="22" coveredstatements="22" conditionals="0" coveredconditionals="0" methods="4" coveredmethods="4"/>
          <line num="3" count="1" type="stmt"/>
          <line num="4" count="1" type="stmt"/>
          <line num="6" count="1" type="stmt"/>
          <line num="14" count="1" type="stmt"/>
          <line num="15" count="1" type="stmt"/>
          <line num="16" count="1" type="stmt"/>
          <line num="21" count="1" type="stmt"/>
          <line num="22" count="1" type="stmt"/>
          <line num="29" count="7" type="stmt"/>
          <line num="31" count="1" type="stmt"/>
          <line num="32" count="1" type="stmt"/>
          <line num="36" count="1" type="stmt"/>
          <line num="37" count="1" type="stmt"/>
          <line num="43" count="2" type="stmt"/>
          <line num="45" count="1" type="stmt"/>
          <line num="46" count="1" type="stmt"/>
          <line num="50" count="1" type="stmt"/>
          <line num="54" count="1" type="stmt"/>
          <line num="56" count="1" type="stmt"/>
          <line num="57" count="1" type="stmt"/>
          <line num="58" count="1" type="stmt"/>
          <line num="63" count="1" type="stmt"/>
        </file>
      </package>
    </metrics>
  </project>
</coverage>
