{"/home/jay/codeBase/co-koa-cli/lib/CLIAction.js": {"path":"/home/jay/codeBase/co-koa-cli/lib/CLIAction.js","statementMap":{"0":{"start":{"line":3,"column":18},"end":{"line":3,"column":43}},"1":{"start":{"line":4,"column":16},"end":{"line":4,"column":39}},"2":{"start":{"line":5,"column":17},"end":{"line":5,"column":36}},"3":{"start":{"line":6,"column":11},"end":{"line":10,"column":2}},"4":{"start":{"line":11,"column":16},"end":{"line":11,"column":34}},"5":{"start":{"line":13,"column":18},"end":{"line":57,"column":2}},"6":{"start":{"line":15,"column":17},"end":{"line":15,"column":40}},"7":{"start":{"line":16,"column":18},"end":{"line":16,"column":23}},"8":{"start":{"line":18,"column":6},"end":{"line":18,"column":37}},"9":{"start":{"line":19,"column":6},"end":{"line":28,"column":9}},"10":{"start":{"line":20,"column":8},"end":{"line":27,"column":11}},"11":{"start":{"line":21,"column":10},"end":{"line":26,"column":13}},"12":{"start":{"line":22,"column":12},"end":{"line":24,"column":53}},"13":{"start":{"line":25,"column":12},"end":{"line":25,"column":23}},"14":{"start":{"line":29,"column":6},"end":{"line":33,"column":9}},"15":{"start":{"line":30,"column":8},"end":{"line":31,"column":31}},"16":{"start":{"line":30,"column":21},"end":{"line":30,"column":41}},"17":{"start":{"line":31,"column":13},"end":{"line":31,"column":31}},"18":{"start":{"line":32,"column":8},"end":{"line":32,"column":24}},"19":{"start":{"line":36,"column":4},"end":{"line":55,"column":6}},"20":{"start":{"line":37,"column":6},"end":{"line":50,"column":7}},"21":{"start":{"line":38,"column":8},"end":{"line":49,"column":9}},"22":{"start":{"line":40,"column":22},"end":{"line":40,"column":59}},"23":{"start":{"line":41,"column":12},"end":{"line":41,"column":31}},"24":{"start":{"line":42,"column":12},"end":{"line":42,"column":24}},"25":{"start":{"line":47,"column":12},"end":{"line":47,"column":72}},"26":{"start":{"line":48,"column":12},"end":{"line":48,"column":24}},"27":{"start":{"line":51,"column":6},"end":{"line":53,"column":9}},"28":{"start":{"line":52,"column":8},"end":{"line":52,"column":24}},"29":{"start":{"line":54,"column":6},"end":{"line":54,"column":19}},"30":{"start":{"line":59,"column":0},"end":{"line":59,"column":85}},"31":{"start":{"line":59,"column":46},"end":{"line":59,"column":84}}},"fnMap":{"0":{"name":"createProject","decl":{"start":{"line":17,"column":13},"end":{"line":17,"column":26}},"loc":{"start":{"line":17,"column":33},"end":{"line":34,"column":5}},"line":17},"1":{"name":"(anonymous_1)","decl":{"start":{"line":19,"column":36},"end":{"line":19,"column":37}},"loc":{"start":{"line":19,"column":44},"end":{"line":28,"column":7}},"line":19},"2":{"name":"(anonymous_2)","decl":{"start":{"line":20,"column":44},"end":{"line":20,"column":45}},"loc":{"start":{"line":20,"column":58},"end":{"line":27,"column":9}},"line":20},"3":{"name":"(anonymous_3)","decl":{"start":{"line":21,"column":42},"end":{"line":21,"column":43}},"loc":{"start":{"line":21,"column":52},"end":{"line":26,"column":11}},"line":21},"4":{"name":"(anonymous_4)","decl":{"start":{"line":29,"column":21},"end":{"line":29,"column":22}},"loc":{"start":{"line":29,"column":27},"end":{"line":33,"column":7}},"line":29},"5":{"name":"(anonymous_5)","decl":{"start":{"line":36,"column":17},"end":{"line":36,"column":18}},"loc":{"start":{"line":36,"column":32},"end":{"line":55,"column":5}},"line":36},"6":{"name":"(anonymous_6)","decl":{"start":{"line":51,"column":21},"end":{"line":51,"column":22}},"loc":{"start":{"line":51,"column":27},"end":{"line":53,"column":7}},"line":51},"7":{"name":"(anonymous_7)","decl":{"start":{"line":59,"column":17},"end":{"line":59,"column":18}},"loc":{"start":{"line":59,"column":46},"end":{"line":59,"column":84}},"line":59}},"branchMap":{"0":{"loc":{"start":{"line":30,"column":8},"end":{"line":31,"column":31}},"type":"if","locations":[{"start":{"line":30,"column":8},"end":{"line":31,"column":31}},{"start":{"line":30,"column":8},"end":{"line":31,"column":31}}],"line":30},"1":{"loc":{"start":{"line":37,"column":6},"end":{"line":50,"column":7}},"type":"if","locations":[{"start":{"line":37,"column":6},"end":{"line":50,"column":7}},{"start":{"line":37,"column":6},"end":{"line":50,"column":7}}],"line":37},"2":{"loc":{"start":{"line":38,"column":8},"end":{"line":49,"column":9}},"type":"switch","locations":[{"start":{"line":39,"column":10},"end":{"line":42,"column":24}},{"start":{"line":43,"column":10},"end":{"line":43,"column":34}},{"start":{"line":44,"column":10},"end":{"line":44,"column":29}},{"start":{"line":45,"column":10},"end":{"line":45,"column":31}},{"start":{"line":46,"column":10},"end":{"line":48,"column":24}}],"line":38},"3":{"loc":{"start":{"line":40,"column":22},"end":{"line":40,"column":59}},"type":"cond-expr","locations":[{"start":{"line":40,"column":34},"end":{"line":40,"column":43}},{"start":{"line":40,"column":46},"end":{"line":40,"column":59}}],"line":40}},"s":{"0":1,"1":1,"2":1,"3":1,"4":1,"5":1,"6":6,"7":6,"8":2,"9":2,"10":2,"11":2,"12":2,"13":2,"14":2,"15":2,"16":1,"17":1,"18":2,"19":6,"20":6,"21":5,"22":2,"23":2,"24":2,"25":3,"26":3,"27":1,"28":1,"29":1,"30":1,"31":6},"f":{"0":2,"1":2,"2":2,"3":2,"4":2,"5":6,"6":1,"7":6},"b":{"0":[1,1],"1":[5,1],"2":[2,1,2,3,3],"3":[1,1]},"_coverageSchema":"332fd63041d2c1bcb487cc26dd0d5f7d97098a6c","hash":"0ac96dc89fe928b80a9b8d79a4574150cdf41eaa"}
,"/home/jay/codeBase/co-koa-cli/lib/Component.js": {"path":"/home/jay/codeBase/co-koa-cli/lib/Component.js","statementMap":{"0":{"start":{"line":3,"column":11},"end":{"line":3,"column":30}},"1":{"start":{"line":4,"column":16},"end":{"line":4,"column":34}},"2":{"start":{"line":6,"column":24},"end":{"line":6,"column":63}},"3":{"start":{"line":8,"column":18},"end":{"line":46,"column":2}},"4":{"start":{"line":10,"column":19},"end":{"line":10,"column":60}},"5":{"start":{"line":13,"column":6},"end":{"line":13,"column":52}},"6":{"start":{"line":16,"column":6},"end":{"line":20,"column":7}},"7":{"start":{"line":17,"column":22},"end":{"line":17,"column":32}},"8":{"start":{"line":18,"column":32},"end":{"line":18,"column":59}},"9":{"start":{"line":19,"column":17},"end":{"line":19,"column":26}},"10":{"start":{"line":23,"column":4},"end":{"line":44,"column":6}},"11":{"start":{"line":24,"column":6},"end":{"line":43,"column":7}},"12":{"start":{"line":25,"column":8},"end":{"line":39,"column":57}},"13":{"start":{"line":26,"column":23},"end":{"line":26,"column":60}},"14":{"start":{"line":27,"column":10},"end":{"line":37,"column":44}},"15":{"start":{"line":28,"column":25},"end":{"line":28,"column":58}},"16":{"start":{"line":29,"column":29},"end":{"line":29,"column":61}},"17":{"start":{"line":30,"column":24},"end":{"line":32,"column":40}},"18":{"start":{"line":33,"column":12},"end":{"line":35,"column":24}},"19":{"start":{"line":36,"column":12},"end":{"line":36,"column":52}},"20":{"start":{"line":37,"column":17},"end":{"line":37,"column":44}},"21":{"start":{"line":38,"column":10},"end":{"line":38,"column":26}},"22":{"start":{"line":39,"column":15},"end":{"line":39,"column":57}},"23":{"start":{"line":41,"column":8},"end":{"line":41,"column":69}},"24":{"start":{"line":42,"column":8},"end":{"line":42,"column":24}},"25":{"start":{"line":48,"column":0},"end":{"line":48,"column":41}},"26":{"start":{"line":48,"column":25},"end":{"line":48,"column":40}}},"fnMap":{"0":{"name":"firstLetterToUpper","decl":{"start":{"line":12,"column":13},"end":{"line":12,"column":31}},"loc":{"start":{"line":12,"column":36},"end":{"line":14,"column":5}},"line":12},"1":{"name":"getSuffixByType","decl":{"start":{"line":15,"column":13},"end":{"line":15,"column":28}},"loc":{"start":{"line":15,"column":33},"end":{"line":21,"column":5}},"line":15},"2":{"name":"(anonymous_2)","decl":{"start":{"line":23,"column":17},"end":{"line":23,"column":18}},"loc":{"start":{"line":23,"column":57},"end":{"line":44,"column":5}},"line":23},"3":{"name":"(anonymous_3)","decl":{"start":{"line":48,"column":17},"end":{"line":48,"column":18}},"loc":{"start":{"line":48,"column":25},"end":{"line":48,"column":40}},"line":48}},"branchMap":{"0":{"loc":{"start":{"line":16,"column":6},"end":{"line":20,"column":7}},"type":"switch","locations":[{"start":{"line":17,"column":8},"end":{"line":17,"column":32}},{"start":{"line":18,"column":8},"end":{"line":18,"column":59}},{"start":{"line":19,"column":8},"end":{"line":19,"column":26}}],"line":16},"1":{"loc":{"start":{"line":25,"column":8},"end":{"line":39,"column":57}},"type":"if","locations":[{"start":{"line":25,"column":8},"end":{"line":39,"column":57}},{"start":{"line":25,"column":8},"end":{"line":39,"column":57}}],"line":25},"2":{"loc":{"start":{"line":27,"column":10},"end":{"line":37,"column":44}},"type":"if","locations":[{"start":{"line":27,"column":10},"end":{"line":37,"column":44}},{"start":{"line":27,"column":10},"end":{"line":37,"column":44}}],"line":27},"3":{"loc":{"start":{"line":30,"column":24},"end":{"line":32,"column":40}},"type":"cond-expr","locations":[{"start":{"line":31,"column":16},"end":{"line":31,"column":61}},{"start":{"line":32,"column":16},"end":{"line":32,"column":40}}],"line":30}},"s":{"0":1,"1":1,"2":1,"3":1,"4":3,"5":3,"6":3,"7":1,"8":1,"9":1,"10":3,"11":5,"12":5,"13":4,"14":4,"15":3,"16":3,"17":3,"18":3,"19":3,"20":1,"21":4,"22":1,"23":1,"24":1,"25":1,"26":3},"f":{"0":3,"1":3,"2":5,"3":3},"b":{"0":[1,1,1],"1":[4,1],"2":[3,1],"3":[2,1]},"_coverageSchema":"332fd63041d2c1bcb487cc26dd0d5f7d97098a6c","hash":"fc44336eaf4b447c26f8194d3fa408342add086d"}
,"/home/jay/codeBase/co-koa-cli/lib/Project.js": {"path":"/home/jay/codeBase/co-koa-cli/lib/Project.js","statementMap":{"0":{"start":{"line":3,"column":16},"end":{"line":3,"column":34}},"1":{"start":{"line":4,"column":22},"end":{"line":4,"column":59}},"2":{"start":{"line":5,"column":16},"end":{"line":21,"column":2}},"3":{"start":{"line":7,"column":19},"end":{"line":7,"column":42}},"4":{"start":{"line":9,"column":4},"end":{"line":19,"column":6}},"5":{"start":{"line":10,"column":6},"end":{"line":18,"column":7}},"6":{"start":{"line":11,"column":8},"end":{"line":14,"column":40}},"7":{"start":{"line":15,"column":8},"end":{"line":15,"column":20}},"8":{"start":{"line":17,"column":8},"end":{"line":17,"column":58}},"9":{"start":{"line":23,"column":0},"end":{"line":23,"column":65}},"10":{"start":{"line":23,"column":37},"end":{"line":23,"column":64}}},"fnMap":{"0":{"name":"(anonymous_0)","decl":{"start":{"line":9,"column":17},"end":{"line":9,"column":18}},"loc":{"start":{"line":9,"column":40},"end":{"line":19,"column":5}},"line":9},"1":{"name":"(anonymous_1)","decl":{"start":{"line":23,"column":17},"end":{"line":23,"column":18}},"loc":{"start":{"line":23,"column":37},"end":{"line":23,"column":64}},"line":23}},"branchMap":{},"s":{"0":1,"1":1,"2":1,"3":2,"4":2,"5":2,"6":2,"7":1,"8":1,"9":1,"10":2},"f":{"0":2,"1":2},"b":{},"_coverageSchema":"332fd63041d2c1bcb487cc26dd0d5f7d97098a6c","hash":"1fb6797b70cf92d76860baa3e91f87336ea26fcd"}
,"/home/jay/codeBase/co-koa-cli/lib/YargOptions.js": {"path":"/home/jay/codeBase/co-koa-cli/lib/YargOptions.js","statementMap":{"0":{"start":{"line":3,"column":16},"end":{"line":3,"column":34}},"1":{"start":{"line":5,"column":20},"end":{"line":32,"column":2}},"2":{"start":{"line":7,"column":4},"end":{"line":30,"column":6}},"3":{"start":{"line":8,"column":6},"end":{"line":29,"column":8}},"4":{"start":{"line":34,"column":0},"end":{"line":34,"column":43}},"5":{"start":{"line":34,"column":25},"end":{"line":34,"column":42}}},"fnMap":{"0":{"name":"(anonymous_0)","decl":{"start":{"line":7,"column":20},"end":{"line":7,"column":21}},"loc":{"start":{"line":7,"column":32},"end":{"line":30,"column":5}},"line":7},"1":{"name":"(anonymous_1)","decl":{"start":{"line":34,"column":17},"end":{"line":34,"column":18}},"loc":{"start":{"line":34,"column":25},"end":{"line":34,"column":42}},"line":34}},"branchMap":{},"s":{"0":1,"1":1,"2":1,"3":1,"4":1,"5":1},"f":{"0":1,"1":1},"b":{},"_coverageSchema":"332fd63041d2c1bcb487cc26dd0d5f7d97098a6c","hash":"cf44881fd3e5f25af2f007754dbe6bd32f9372f6"}
,"/home/jay/codeBase/co-koa-cli/lib/helpers/AbstractHelper.js": {"path":"/home/jay/codeBase/co-koa-cli/lib/helpers/AbstractHelper.js","statementMap":{"0":{"start":{"line":3,"column":16},"end":{"line":3,"column":34}},"1":{"start":{"line":5,"column":0},"end":{"line":19,"column":3}},"2":{"start":{"line":9,"column":6},"end":{"line":16,"column":25}},"3":{"start":{"line":10,"column":8},"end":{"line":15,"column":11}},"4":{"start":{"line":11,"column":10},"end":{"line":13,"column":11}},"5":{"start":{"line":12,"column":12},"end":{"line":12,"column":46}},"6":{"start":{"line":12,"column":27},"end":{"line":12,"column":46}},"7":{"start":{"line":14,"column":10},"end":{"line":14,"column":25}},"8":{"start":{"line":16,"column":13},"end":{"line":16,"column":25}}},"fnMap":{"0":{"name":"(anonymous_0)","decl":{"start":{"line":10,"column":43},"end":{"line":10,"column":44}},"loc":{"start":{"line":10,"column":61},"end":{"line":15,"column":9}},"line":10}},"branchMap":{"0":{"loc":{"start":{"line":9,"column":6},"end":{"line":16,"column":25}},"type":"if","locations":[{"start":{"line":9,"column":6},"end":{"line":16,"column":25}},{"start":{"line":9,"column":6},"end":{"line":16,"column":25}}],"line":9},"1":{"loc":{"start":{"line":12,"column":12},"end":{"line":12,"column":46}},"type":"if","locations":[{"start":{"line":12,"column":12},"end":{"line":12,"column":46}},{"start":{"line":12,"column":12},"end":{"line":12,"column":46}}],"line":12}},"s":{"0":3,"1":3,"2":8,"3":7,"4":8,"5":7,"6":6,"7":2,"8":1},"f":{"0":8},"b":{"0":[7,1],"1":[6,1]},"_coverageSchema":"332fd63041d2c1bcb487cc26dd0d5f7d97098a6c","hash":"76d6f8bdf94a80eeff070249ef3e0f2ef98308f5"}
,"/home/jay/codeBase/co-koa-cli/lib/helpers/ComponentHelper.js": {"path":"/home/jay/codeBase/co-koa-cli/lib/helpers/ComponentHelper.js","statementMap":{"0":{"start":{"line":3,"column":11},"end":{"line":3,"column":30}},"1":{"start":{"line":4,"column":16},"end":{"line":4,"column":34}},"2":{"start":{"line":6,"column":23},"end":{"line":6,"column":53}},"3":{"start":{"line":8,"column":24},"end":{"line":22,"column":2}},"4":{"start":{"line":10,"column":4},"end":{"line":20,"column":6}},"5":{"start":{"line":12,"column":8},"end":{"line":18,"column":29}},"6":{"start":{"line":16,"column":12},"end":{"line":16,"column":64}},"7":{"start":{"line":19,"column":6},"end":{"line":19,"column":22}},"8":{"start":{"line":23,"column":0},"end":{"line":23,"column":63}},"9":{"start":{"line":23,"column":34},"end":{"line":23,"column":62}}},"fnMap":{"0":{"name":"(anonymous_0)","decl":{"start":{"line":10,"column":25},"end":{"line":10,"column":26}},"loc":{"start":{"line":10,"column":47},"end":{"line":20,"column":5}},"line":10},"1":{"name":"(anonymous_1)","decl":{"start":{"line":15,"column":18},"end":{"line":15,"column":19}},"loc":{"start":{"line":15,"column":34},"end":{"line":17,"column":11}},"line":15},"2":{"name":"(anonymous_2)","decl":{"start":{"line":23,"column":17},"end":{"line":23,"column":18}},"loc":{"start":{"line":23,"column":34},"end":{"line":23,"column":62}},"line":23}},"branchMap":{},"s":{"0":1,"1":1,"2":1,"3":1,"4":1,"5":1,"6":4,"7":1,"8":1,"9":1},"f":{"0":1,"1":4,"2":1},"b":{},"_coverageSchema":"332fd63041d2c1bcb487cc26dd0d5f7d97098a6c","hash":"ac4b35ac03c5cbd47d56a41ea835e043a467edf2"}
,"/home/jay/codeBase/co-koa-cli/lib/helpers/ProjectHelper.js": {"path":"/home/jay/codeBase/co-koa-cli/lib/helpers/ProjectHelper.js","statementMap":{"0":{"start":{"line":3,"column":11},"end":{"line":3,"column":30}},"1":{"start":{"line":4,"column":16},"end":{"line":4,"column":34}},"2":{"start":{"line":6,"column":22},"end":{"line":61,"column":2}},"3":{"start":{"line":14,"column":4},"end":{"line":14,"column":27}},"4":{"start":{"line":15,"column":4},"end":{"line":15,"column":34}},"5":{"start":{"line":16,"column":4},"end":{"line":16,"column":17}},"6":{"start":{"line":21,"column":6},"end":{"line":21,"column":38}},"7":{"start":{"line":22,"column":6},"end":{"line":30,"column":11}},"8":{"start":{"line":29,"column":10},"end":{"line":29,"column":51}},"9":{"start":{"line":31,"column":6},"end":{"line":31,"column":32}},"10":{"start":{"line":32,"column":6},"end":{"line":32,"column":18}},"11":{"start":{"line":36,"column":6},"end":{"line":36,"column":38}},"12":{"start":{"line":37,"column":6},"end":{"line":44,"column":9}},"13":{"start":{"line":43,"column":8},"end":{"line":43,"column":45}},"14":{"start":{"line":45,"column":6},"end":{"line":45,"column":36}},"15":{"start":{"line":46,"column":6},"end":{"line":46,"column":18}},"16":{"start":{"line":50,"column":19},"end":{"line":55,"column":37}},"17":{"start":{"line":54,"column":14},"end":{"line":54,"column":69}},"18":{"start":{"line":56,"column":6},"end":{"line":56,"column":57}},"19":{"start":{"line":57,"column":6},"end":{"line":57,"column":40}},"20":{"start":{"line":58,"column":6},"end":{"line":58,"column":18}},"21":{"start":{"line":63,"column":0},"end":{"line":63,"column":65}},"22":{"start":{"line":63,"column":34},"end":{"line":63,"column":64}}},"fnMap":{"0":{"name":"(anonymous_0)","decl":{"start":{"line":28,"column":35},"end":{"line":28,"column":36}},"loc":{"start":{"line":28,"column":41},"end":{"line":30,"column":9}},"line":28},"1":{"name":"(anonymous_1)","decl":{"start":{"line":42,"column":16},"end":{"line":42,"column":17}},"loc":{"start":{"line":42,"column":22},"end":{"line":44,"column":7}},"line":42},"2":{"name":"(anonymous_2)","decl":{"start":{"line":53,"column":12},"end":{"line":53,"column":13}},"loc":{"start":{"line":53,"column":28},"end":{"line":55,"column":13}},"line":53},"3":{"name":"(anonymous_3)","decl":{"start":{"line":63,"column":17},"end":{"line":63,"column":18}},"loc":{"start":{"line":63,"column":34},"end":{"line":63,"column":64}},"line":63}},"branchMap":{},"s":{"0":1,"1":1,"2":1,"3":1,"4":1,"5":1,"6":1,"7":1,"8":7,"9":1,"10":1,"11":1,"12":1,"13":2,"14":1,"15":1,"16":1,"17":1,"18":1,"19":1,"20":1,"21":1,"22":1},"f":{"0":7,"1":2,"2":1,"3":1},"b":{},"_coverageSchema":"332fd63041d2c1bcb487cc26dd0d5f7d97098a6c","hash":"fe4e73e0cd3b822cbbc0aacaf03b687e901ad97d"}
}
