{"/home/jay/codeBase/co-koa-cli/lib/CLIAction.js": {"path":"/home/jay/codeBase/co-koa-cli/lib/CLIAction.js","statementMap":{"0":{"start":{"line":3,"column":18},"end":{"line":3,"column":43}},"1":{"start":{"line":4,"column":16},"end":{"line":4,"column":39}},"2":{"start":{"line":5,"column":17},"end":{"line":5,"column":36}},"3":{"start":{"line":6,"column":11},"end":{"line":10,"column":2}},"4":{"start":{"line":11,"column":16},"end":{"line":11,"column":34}},"5":{"start":{"line":13,"column":18},"end":{"line":58,"column":2}},"6":{"start":{"line":15,"column":17},"end":{"line":15,"column":40}},"7":{"start":{"line":16,"column":18},"end":{"line":16,"column":23}},"8":{"start":{"line":18,"column":6},"end":{"line":18,"column":37}},"9":{"start":{"line":19,"column":6},"end":{"line":28,"column":9}},"10":{"start":{"line":20,"column":8},"end":{"line":27,"column":11}},"11":{"start":{"line":21,"column":10},"end":{"line":26,"column":13}},"12":{"start":{"line":22,"column":12},"end":{"line":24,"column":53}},"13":{"start":{"line":25,"column":12},"end":{"line":25,"column":23}},"14":{"start":{"line":29,"column":6},"end":{"line":33,"column":9}},"15":{"start":{"line":30,"column":8},"end":{"line":31,"column":31}},"16":{"start":{"line":30,"column":21},"end":{"line":30,"column":41}},"17":{"start":{"line":31,"column":13},"end":{"line":31,"column":31}},"18":{"start":{"line":32,"column":8},"end":{"line":32,"column":24}},"19":{"start":{"line":36,"column":4},"end":{"line":56,"column":6}},"20":{"start":{"line":37,"column":6},"end":{"line":51,"column":7}},"21":{"start":{"line":38,"column":8},"end":{"line":50,"column":9}},"22":{"start":{"line":40,"column":22},"end":{"line":40,"column":59}},"23":{"start":{"line":41,"column":12},"end":{"line":41,"column":31}},"24":{"start":{"line":42,"column":12},"end":{"line":42,"column":24}},"25":{"start":{"line":48,"column":12},"end":{"line":48,"column":72}},"26":{"start":{"line":49,"column":12},"end":{"line":49,"column":24}},"27":{"start":{"line":52,"column":6},"end":{"line":54,"column":9}},"28":{"start":{"line":53,"column":8},"end":{"line":53,"column":24}},"29":{"start":{"line":55,"column":6},"end":{"line":55,"column":19}},"30":{"start":{"line":60,"column":0},"end":{"line":60,"column":85}},"31":{"start":{"line":60,"column":46},"end":{"line":60,"column":84}}},"fnMap":{"0":{"name":"createProject","decl":{"start":{"line":17,"column":13},"end":{"line":17,"column":26}},"loc":{"start":{"line":17,"column":33},"end":{"line":34,"column":5}},"line":17},"1":{"name":"(anonymous_1)","decl":{"start":{"line":19,"column":36},"end":{"line":19,"column":37}},"loc":{"start":{"line":19,"column":44},"end":{"line":28,"column":7}},"line":19},"2":{"name":"(anonymous_2)","decl":{"start":{"line":20,"column":44},"end":{"line":20,"column":45}},"loc":{"start":{"line":20,"column":58},"end":{"line":27,"column":9}},"line":20},"3":{"name":"(anonymous_3)","decl":{"start":{"line":21,"column":42},"end":{"line":21,"column":43}},"loc":{"start":{"line":21,"column":52},"end":{"line":26,"column":11}},"line":21},"4":{"name":"(anonymous_4)","decl":{"start":{"line":29,"column":21},"end":{"line":29,"column":22}},"loc":{"start":{"line":29,"column":27},"end":{"line":33,"column":7}},"line":29},"5":{"name":"(anonymous_5)","decl":{"start":{"line":36,"column":17},"end":{"line":36,"column":18}},"loc":{"start":{"line":36,"column":32},"end":{"line":56,"column":5}},"line":36},"6":{"name":"(anonymous_6)","decl":{"start":{"line":52,"column":21},"end":{"line":52,"column":22}},"loc":{"start":{"line":52,"column":27},"end":{"line":54,"column":7}},"line":52},"7":{"name":"(anonymous_7)","decl":{"start":{"line":60,"column":17},"end":{"line":60,"column":18}},"loc":{"start":{"line":60,"column":46},"end":{"line":60,"column":84}},"line":60}},"branchMap":{"0":{"loc":{"start":{"line":30,"column":8},"end":{"line":31,"column":31}},"type":"if","locations":[{"start":{"line":30,"column":8},"end":{"line":31,"column":31}},{"start":{"line":30,"column":8},"end":{"line":31,"column":31}}],"line":30},"1":{"loc":{"start":{"line":37,"column":6},"end":{"line":51,"column":7}},"type":"if","locations":[{"start":{"line":37,"column":6},"end":{"line":51,"column":7}},{"start":{"line":37,"column":6},"end":{"line":51,"column":7}}],"line":37},"2":{"loc":{"start":{"line":38,"column":8},"end":{"line":50,"column":9}},"type":"switch","locations":[{"start":{"line":39,"column":10},"end":{"line":42,"column":24}},{"start":{"line":43,"column":10},"end":{"line":43,"column":34}},{"start":{"line":44,"column":10},"end":{"line":44,"column":29}},{"start":{"line":45,"column":10},"end":{"line":45,"column":31}},{"start":{"line":46,"column":10},"end":{"line":46,"column":39}},{"start":{"line":47,"column":10},"end":{"line":49,"column":24}}],"line":38},"3":{"loc":{"start":{"line":40,"column":22},"end":{"line":40,"column":59}},"type":"cond-expr","locations":[{"start":{"line":40,"column":34},"end":{"line":40,"column":43}},{"start":{"line":40,"column":46},"end":{"line":40,"column":59}}],"line":40}},"s":{"0":1,"1":1,"2":1,"3":1,"4":1,"5":1,"6":6,"7":6,"8":2,"9":2,"10":2,"11":2,"12":2,"13":2,"14":2,"15":2,"16":1,"17":1,"18":2,"19":6,"20":6,"21":5,"22":2,"23":2,"24":2,"25":3,"26":3,"27":1,"28":1,"29":1,"30":1,"31":6},"f":{"0":2,"1":2,"2":2,"3":2,"4":2,"5":6,"6":1,"7":6},"b":{"0":[1,1],"1":[5,1],"2":[2,1,2,3,3,3],"3":[1,1]},"_coverageSchema":"332fd63041d2c1bcb487cc26dd0d5f7d97098a6c","hash":"92738d056872cc31d10a4bb1af30bfa37592c7eb"}
,"/home/jay/codeBase/co-koa-cli/lib/Component.js": {"path":"/home/jay/codeBase/co-koa-cli/lib/Component.js","statementMap":{"0":{"start":{"line":3,"column":11},"end":{"line":3,"column":30}},"1":{"start":{"line":4,"column":16},"end":{"line":4,"column":34}},"2":{"start":{"line":6,"column":24},"end":{"line":6,"column":63}},"3":{"start":{"line":8,"column":18},"end":{"line":52,"column":2}},"4":{"start":{"line":10,"column":19},"end":{"line":10,"column":60}},"5":{"start":{"line":13,"column":6},"end":{"line":13,"column":52}},"6":{"start":{"line":16,"column":6},"end":{"line":21,"column":7}},"7":{"start":{"line":17,"column":22},"end":{"line":17,"column":32}},"8":{"start":{"line":18,"column":32},"end":{"line":18,"column":59}},"9":{"start":{"line":19,"column":25},"end":{"line":19,"column":45}},"10":{"start":{"line":20,"column":17},"end":{"line":20,"column":26}},"11":{"start":{"line":24,"column":6},"end":{"line":28,"column":7}},"12":{"start":{"line":26,"column":25},"end":{"line":26,"column":57}},"13":{"start":{"line":27,"column":17},"end":{"line":27,"column":66}},"14":{"start":{"line":31,"column":4},"end":{"line":50,"column":6}},"15":{"start":{"line":32,"column":6},"end":{"line":49,"column":7}},"16":{"start":{"line":33,"column":8},"end":{"line":45,"column":57}},"17":{"start":{"line":34,"column":23},"end":{"line":34,"column":60}},"18":{"start":{"line":35,"column":10},"end":{"line":43,"column":44}},"19":{"start":{"line":36,"column":25},"end":{"line":36,"column":58}},"20":{"start":{"line":37,"column":24},"end":{"line":37,"column":69}},"21":{"start":{"line":38,"column":29},"end":{"line":38,"column":66}},"22":{"start":{"line":39,"column":12},"end":{"line":41,"column":24}},"23":{"start":{"line":42,"column":12},"end":{"line":42,"column":52}},"24":{"start":{"line":43,"column":17},"end":{"line":43,"column":44}},"25":{"start":{"line":44,"column":10},"end":{"line":44,"column":26}},"26":{"start":{"line":45,"column":15},"end":{"line":45,"column":57}},"27":{"start":{"line":47,"column":8},"end":{"line":47,"column":69}},"28":{"start":{"line":48,"column":8},"end":{"line":48,"column":24}},"29":{"start":{"line":54,"column":0},"end":{"line":54,"column":41}},"30":{"start":{"line":54,"column":25},"end":{"line":54,"column":40}}},"fnMap":{"0":{"name":"firstLetterToUpper","decl":{"start":{"line":12,"column":13},"end":{"line":12,"column":31}},"loc":{"start":{"line":12,"column":36},"end":{"line":14,"column":5}},"line":12},"1":{"name":"getSuffixByType","decl":{"start":{"line":15,"column":13},"end":{"line":15,"column":28}},"loc":{"start":{"line":15,"column":33},"end":{"line":22,"column":5}},"line":15},"2":{"name":"getOutputDirectoryByType","decl":{"start":{"line":23,"column":13},"end":{"line":23,"column":37}},"loc":{"start":{"line":23,"column":42},"end":{"line":29,"column":5}},"line":23},"3":{"name":"(anonymous_3)","decl":{"start":{"line":31,"column":17},"end":{"line":31,"column":18}},"loc":{"start":{"line":31,"column":57},"end":{"line":50,"column":5}},"line":31},"4":{"name":"(anonymous_4)","decl":{"start":{"line":54,"column":17},"end":{"line":54,"column":18}},"loc":{"start":{"line":54,"column":25},"end":{"line":54,"column":40}},"line":54}},"branchMap":{"0":{"loc":{"start":{"line":16,"column":6},"end":{"line":21,"column":7}},"type":"switch","locations":[{"start":{"line":17,"column":8},"end":{"line":17,"column":32}},{"start":{"line":18,"column":8},"end":{"line":18,"column":59}},{"start":{"line":19,"column":8},"end":{"line":19,"column":45}},{"start":{"line":20,"column":8},"end":{"line":20,"column":26}}],"line":16},"1":{"loc":{"start":{"line":24,"column":6},"end":{"line":28,"column":7}},"type":"switch","locations":[{"start":{"line":25,"column":8},"end":{"line":25,"column":31}},{"start":{"line":26,"column":8},"end":{"line":26,"column":57}},{"start":{"line":27,"column":8},"end":{"line":27,"column":66}}],"line":24},"2":{"loc":{"start":{"line":33,"column":8},"end":{"line":45,"column":57}},"type":"if","locations":[{"start":{"line":33,"column":8},"end":{"line":45,"column":57}},{"start":{"line":33,"column":8},"end":{"line":45,"column":57}}],"line":33},"3":{"loc":{"start":{"line":35,"column":10},"end":{"line":43,"column":44}},"type":"if","locations":[{"start":{"line":35,"column":10},"end":{"line":43,"column":44}},{"start":{"line":35,"column":10},"end":{"line":43,"column":44}}],"line":35}},"s":{"0":1,"1":1,"2":1,"3":1,"4":3,"5":4,"6":4,"7":1,"8":1,"9":1,"10":1,"11":4,"12":2,"13":2,"14":3,"15":6,"16":6,"17":5,"18":5,"19":4,"20":4,"21":4,"22":4,"23":4,"24":1,"25":5,"26":1,"27":1,"28":1,"29":1,"30":3},"f":{"0":4,"1":4,"2":4,"3":6,"4":3},"b":{"0":[1,1,1,1],"1":[1,2,2],"2":[5,1],"3":[4,1]},"_coverageSchema":"332fd63041d2c1bcb487cc26dd0d5f7d97098a6c","hash":"5fd227e2f9794f1945ef36e72db143152ba06517"}
,"/home/jay/codeBase/co-koa-cli/lib/Project.js": {"path":"/home/jay/codeBase/co-koa-cli/lib/Project.js","statementMap":{"0":{"start":{"line":3,"column":16},"end":{"line":3,"column":34}},"1":{"start":{"line":4,"column":22},"end":{"line":4,"column":59}},"2":{"start":{"line":5,"column":16},"end":{"line":21,"column":2}},"3":{"start":{"line":7,"column":19},"end":{"line":7,"column":42}},"4":{"start":{"line":9,"column":4},"end":{"line":19,"column":6}},"5":{"start":{"line":10,"column":6},"end":{"line":18,"column":7}},"6":{"start":{"line":11,"column":8},"end":{"line":14,"column":40}},"7":{"start":{"line":15,"column":8},"end":{"line":15,"column":20}},"8":{"start":{"line":17,"column":8},"end":{"line":17,"column":58}},"9":{"start":{"line":23,"column":0},"end":{"line":23,"column":65}},"10":{"start":{"line":23,"column":37},"end":{"line":23,"column":64}}},"fnMap":{"0":{"name":"(anonymous_0)","decl":{"start":{"line":9,"column":17},"end":{"line":9,"column":18}},"loc":{"start":{"line":9,"column":40},"end":{"line":19,"column":5}},"line":9},"1":{"name":"(anonymous_1)","decl":{"start":{"line":23,"column":17},"end":{"line":23,"column":18}},"loc":{"start":{"line":23,"column":37},"end":{"line":23,"column":64}},"line":23}},"branchMap":{},"s":{"0":1,"1":1,"2":1,"3":2,"4":2,"5":2,"6":2,"7":1,"8":1,"9":1,"10":2},"f":{"0":2,"1":2},"b":{},"_coverageSchema":"332fd63041d2c1bcb487cc26dd0d5f7d97098a6c","hash":"1fb6797b70cf92d76860baa3e91f87336ea26fcd"}
,"/home/jay/codeBase/co-koa-cli/lib/YargOptions.js": {"path":"/home/jay/codeBase/co-koa-cli/lib/YargOptions.js","statementMap":{"0":{"start":{"line":3,"column":16},"end":{"line":3,"column":34}},"1":{"start":{"line":5,"column":20},"end":{"line":36,"column":2}},"2":{"start":{"line":7,"column":4},"end":{"line":34,"column":6}},"3":{"start":{"line":8,"column":6},"end":{"line":33,"column":8}},"4":{"start":{"line":38,"column":0},"end":{"line":38,"column":43}},"5":{"start":{"line":38,"column":25},"end":{"line":38,"column":42}}},"fnMap":{"0":{"name":"(anonymous_0)","decl":{"start":{"line":7,"column":20},"end":{"line":7,"column":21}},"loc":{"start":{"line":7,"column":32},"end":{"line":34,"column":5}},"line":7},"1":{"name":"(anonymous_1)","decl":{"start":{"line":38,"column":17},"end":{"line":38,"column":18}},"loc":{"start":{"line":38,"column":25},"end":{"line":38,"column":42}},"line":38}},"branchMap":{},"s":{"0":1,"1":1,"2":1,"3":1,"4":1,"5":1},"f":{"0":1,"1":1},"b":{},"_coverageSchema":"332fd63041d2c1bcb487cc26dd0d5f7d97098a6c","hash":"65cefba62bc3328d5da1eb97aeb75fd78212371f"}
,"/home/jay/codeBase/co-koa-cli/lib/helpers/AbstractHelper.js": {"path":"/home/jay/codeBase/co-koa-cli/lib/helpers/AbstractHelper.js","statementMap":{"0":{"start":{"line":3,"column":16},"end":{"line":3,"column":34}},"1":{"start":{"line":5,"column":0},"end":{"line":19,"column":3}},"2":{"start":{"line":9,"column":6},"end":{"line":16,"column":25}},"3":{"start":{"line":10,"column":8},"end":{"line":15,"column":11}},"4":{"start":{"line":11,"column":10},"end":{"line":13,"column":11}},"5":{"start":{"line":12,"column":12},"end":{"line":12,"column":46}},"6":{"start":{"line":12,"column":27},"end":{"line":12,"column":46}},"7":{"start":{"line":14,"column":10},"end":{"line":14,"column":25}},"8":{"start":{"line":16,"column":13},"end":{"line":16,"column":25}}},"fnMap":{"0":{"name":"(anonymous_0)","decl":{"start":{"line":10,"column":43},"end":{"line":10,"column":44}},"loc":{"start":{"line":10,"column":61},"end":{"line":15,"column":9}},"line":10}},"branchMap":{"0":{"loc":{"start":{"line":9,"column":6},"end":{"line":16,"column":25}},"type":"if","locations":[{"start":{"line":9,"column":6},"end":{"line":16,"column":25}},{"start":{"line":9,"column":6},"end":{"line":16,"column":25}}],"line":9},"1":{"loc":{"start":{"line":12,"column":12},"end":{"line":12,"column":46}},"type":"if","locations":[{"start":{"line":12,"column":12},"end":{"line":12,"column":46}},{"start":{"line":12,"column":12},"end":{"line":12,"column":46}}],"line":12}},"s":{"0":3,"1":3,"2":12,"3":11,"4":11,"5":10,"6":9,"7":2,"8":1},"f":{"0":11},"b":{"0":[11,1],"1":[9,1]},"_coverageSchema":"332fd63041d2c1bcb487cc26dd0d5f7d97098a6c","hash":"76d6f8bdf94a80eeff070249ef3e0f2ef98308f5"}
,"/home/jay/codeBase/co-koa-cli/lib/helpers/ComponentHelper.js": {"path":"/home/jay/codeBase/co-koa-cli/lib/helpers/ComponentHelper.js","statementMap":{"0":{"start":{"line":3,"column":11},"end":{"line":3,"column":30}},"1":{"start":{"line":4,"column":16},"end":{"line":4,"column":34}},"2":{"start":{"line":6,"column":23},"end":{"line":6,"column":53}},"3":{"start":{"line":8,"column":24},"end":{"line":30,"column":2}},"4":{"start":{"line":11,"column":26},"end":{"line":11,"column":34}},"5":{"start":{"line":12,"column":6},"end":{"line":14,"column":7}},"6":{"start":{"line":13,"column":8},"end":{"line":13,"column":63}},"7":{"start":{"line":15,"column":6},"end":{"line":15,"column":27}},"8":{"start":{"line":18,"column":4},"end":{"line":28,"column":6}},"9":{"start":{"line":20,"column":8},"end":{"line":26,"column":29}},"10":{"start":{"line":24,"column":12},"end":{"line":24,"column":91}},"11":{"start":{"line":27,"column":6},"end":{"line":27,"column":22}},"12":{"start":{"line":31,"column":0},"end":{"line":31,"column":63}},"13":{"start":{"line":31,"column":34},"end":{"line":31,"column":62}}},"fnMap":{"0":{"name":"buildComponentVars","decl":{"start":{"line":10,"column":13},"end":{"line":10,"column":31}},"loc":{"start":{"line":10,"column":50},"end":{"line":16,"column":5}},"line":10},"1":{"name":"(anonymous_1)","decl":{"start":{"line":18,"column":25},"end":{"line":18,"column":26}},"loc":{"start":{"line":18,"column":52},"end":{"line":28,"column":5}},"line":18},"2":{"name":"(anonymous_2)","decl":{"start":{"line":23,"column":18},"end":{"line":23,"column":19}},"loc":{"start":{"line":23,"column":34},"end":{"line":25,"column":11}},"line":23},"3":{"name":"(anonymous_3)","decl":{"start":{"line":31,"column":17},"end":{"line":31,"column":18}},"loc":{"start":{"line":31,"column":34},"end":{"line":31,"column":62}},"line":31}},"branchMap":{"0":{"loc":{"start":{"line":12,"column":6},"end":{"line":14,"column":7}},"type":"if","locations":[{"start":{"line":12,"column":6},"end":{"line":14,"column":7}},{"start":{"line":12,"column":6},"end":{"line":14,"column":7}}],"line":12}},"s":{"0":1,"1":1,"2":1,"3":1,"4":8,"5":8,"6":4,"7":8,"8":2,"9":2,"10":8,"11":2,"12":1,"13":2},"f":{"0":8,"1":2,"2":8,"3":2},"b":{"0":[4,4]},"_coverageSchema":"332fd63041d2c1bcb487cc26dd0d5f7d97098a6c","hash":"8f4eea637177c7ca547db4e6ee162164b83e979b"}
,"/home/jay/codeBase/co-koa-cli/lib/helpers/ProjectHelper.js": {"path":"/home/jay/codeBase/co-koa-cli/lib/helpers/ProjectHelper.js","statementMap":{"0":{"start":{"line":3,"column":11},"end":{"line":3,"column":30}},"1":{"start":{"line":4,"column":16},"end":{"line":4,"column":34}},"2":{"start":{"line":6,"column":22},"end":{"line":61,"column":2}},"3":{"start":{"line":14,"column":4},"end":{"line":14,"column":27}},"4":{"start":{"line":15,"column":4},"end":{"line":15,"column":34}},"5":{"start":{"line":16,"column":4},"end":{"line":16,"column":17}},"6":{"start":{"line":21,"column":6},"end":{"line":21,"column":38}},"7":{"start":{"line":22,"column":6},"end":{"line":30,"column":9}},"8":{"start":{"line":29,"column":8},"end":{"line":29,"column":49}},"9":{"start":{"line":31,"column":6},"end":{"line":31,"column":32}},"10":{"start":{"line":32,"column":6},"end":{"line":32,"column":18}},"11":{"start":{"line":36,"column":6},"end":{"line":36,"column":38}},"12":{"start":{"line":37,"column":6},"end":{"line":44,"column":9}},"13":{"start":{"line":43,"column":8},"end":{"line":43,"column":45}},"14":{"start":{"line":45,"column":6},"end":{"line":45,"column":36}},"15":{"start":{"line":46,"column":6},"end":{"line":46,"column":18}},"16":{"start":{"line":50,"column":19},"end":{"line":55,"column":35}},"17":{"start":{"line":54,"column":12},"end":{"line":54,"column":67}},"18":{"start":{"line":56,"column":6},"end":{"line":56,"column":57}},"19":{"start":{"line":57,"column":6},"end":{"line":57,"column":40}},"20":{"start":{"line":58,"column":6},"end":{"line":58,"column":18}},"21":{"start":{"line":63,"column":0},"end":{"line":63,"column":65}},"22":{"start":{"line":63,"column":34},"end":{"line":63,"column":64}}},"fnMap":{"0":{"name":"(anonymous_0)","decl":{"start":{"line":28,"column":35},"end":{"line":28,"column":36}},"loc":{"start":{"line":28,"column":41},"end":{"line":30,"column":7}},"line":28},"1":{"name":"(anonymous_1)","decl":{"start":{"line":42,"column":16},"end":{"line":42,"column":17}},"loc":{"start":{"line":42,"column":22},"end":{"line":44,"column":7}},"line":42},"2":{"name":"(anonymous_2)","decl":{"start":{"line":53,"column":10},"end":{"line":53,"column":11}},"loc":{"start":{"line":53,"column":26},"end":{"line":55,"column":11}},"line":53},"3":{"name":"(anonymous_3)","decl":{"start":{"line":63,"column":17},"end":{"line":63,"column":18}},"loc":{"start":{"line":63,"column":34},"end":{"line":63,"column":64}},"line":63}},"branchMap":{},"s":{"0":1,"1":1,"2":1,"3":1,"4":1,"5":1,"6":1,"7":1,"8":7,"9":1,"10":1,"11":1,"12":1,"13":2,"14":1,"15":1,"16":1,"17":1,"18":1,"19":1,"20":1,"21":1,"22":1},"f":{"0":7,"1":2,"2":1,"3":1},"b":{},"_coverageSchema":"332fd63041d2c1bcb487cc26dd0d5f7d97098a6c","hash":"e93809472f54f641302ce21c88f9012fdb547384"}
}
