TN:
SF:/home/jay/codeBase/co-koa-cli/lib/CLIAction.js
FN:17,createProject
FN:19,(anonymous_1)
FN:20,(anonymous_2)
FN:21,(anonymous_3)
FN:29,(anonymous_4)
FN:36,(anonymous_5)
FN:51,(anonymous_6)
FN:59,(anonymous_7)
FNF:8
FNH:8
FNDA:2,createProject
FNDA:2,(anonymous_1)
FNDA:2,(anonymous_2)
FNDA:2,(anonymous_3)
FNDA:2,(anonymous_4)
FNDA:6,(anonymous_5)
FNDA:1,(anonymous_6)
FNDA:6,(anonymous_7)
DA:3,1
DA:4,1
DA:5,1
DA:6,1
DA:11,1
DA:13,1
DA:15,6
DA:16,6
DA:18,2
DA:19,2
DA:20,2
DA:21,2
DA:22,2
DA:25,2
DA:29,2
DA:30,2
DA:31,1
DA:32,2
DA:36,6
DA:37,6
DA:38,5
DA:40,2
DA:41,2
DA:42,2
DA:47,3
DA:48,3
DA:51,1
DA:52,1
DA:54,1
DA:59,6
LF:30
LH:30
BRDA:30,0,0,1
BRDA:30,0,1,1
BRDA:37,1,0,5
BRDA:37,1,1,1
BRDA:38,2,0,2
BRDA:38,2,1,1
BRDA:38,2,2,2
BRDA:38,2,3,3
BRDA:38,2,4,3
BRDA:40,3,0,1
BRDA:40,3,1,1
BRF:11
BRH:11
end_of_record
TN:
SF:/home/jay/codeBase/co-koa-cli/lib/Component.js
FN:12,firstLetterToUpper
FN:15,getSuffixByType
FN:23,(anonymous_2)
FN:48,(anonymous_3)
FNF:4
FNH:4
FNDA:3,firstLetterToUpper
FNDA:3,getSuffixByType
FNDA:5,(anonymous_2)
FNDA:3,(anonymous_3)
DA:3,1
DA:4,1
DA:6,1
DA:8,1
DA:10,3
DA:13,3
DA:16,3
DA:17,1
DA:18,1
DA:19,1
DA:23,3
DA:24,5
DA:25,5
DA:26,4
DA:27,4
DA:28,3
DA:29,3
DA:30,3
DA:33,3
DA:36,3
DA:37,1
DA:38,4
DA:39,1
DA:41,1
DA:42,1
DA:48,3
LF:26
LH:26
BRDA:16,0,0,1
BRDA:16,0,1,1
BRDA:16,0,2,1
BRDA:25,1,0,4
BRDA:25,1,1,1
BRDA:27,2,0,3
BRDA:27,2,1,1
BRDA:30,3,0,2
BRDA:30,3,1,1
BRF:9
BRH:9
end_of_record
TN:
SF:/home/jay/codeBase/co-koa-cli/lib/Project.js
FN:9,(anonymous_0)
FN:23,(anonymous_1)
FNF:2
FNH:2
FNDA:2,(anonymous_0)
FNDA:2,(anonymous_1)
DA:3,1
DA:4,1
DA:5,1
DA:7,2
DA:9,2
DA:10,2
DA:11,2
DA:15,1
DA:17,1
DA:23,2
LF:10
LH:10
BRF:0
BRH:0
end_of_record
TN:
SF:/home/jay/codeBase/co-koa-cli/lib/YargOptions.js
FN:7,(anonymous_0)
FN:34,(anonymous_1)
FNF:2
FNH:2
FNDA:1,(anonymous_0)
FNDA:1,(anonymous_1)
DA:3,1
DA:5,1
DA:7,1
DA:8,1
DA:34,1
LF:5
LH:5
BRF:0
BRH:0
end_of_record
TN:
SF:/home/jay/codeBase/co-koa-cli/lib/helpers/AbstractHelper.js
FN:10,(anonymous_0)
FNF:1
FNH:1
FNDA:8,(anonymous_0)
DA:3,3
DA:5,3
DA:9,8
DA:10,7
DA:11,8
DA:12,7
DA:14,2
DA:16,1
LF:8
LH:8
BRDA:9,0,0,7
BRDA:9,0,1,1
BRDA:12,1,0,6
BRDA:12,1,1,1
BRF:4
BRH:4
end_of_record
TN:
SF:/home/jay/codeBase/co-koa-cli/lib/helpers/ComponentHelper.js
FN:10,(anonymous_0)
FN:15,(anonymous_1)
FN:23,(anonymous_2)
FNF:3
FNH:3
FNDA:1,(anonymous_0)
FNDA:4,(anonymous_1)
FNDA:1,(anonymous_2)
DA:3,1
DA:4,1
DA:6,1
DA:8,1
DA:10,1
DA:12,1
DA:16,4
DA:19,1
DA:23,1
LF:9
LH:9
BRF:0
BRH:0
end_of_record
TN:
SF:/home/jay/codeBase/co-koa-cli/lib/helpers/ProjectHelper.js
FN:28,(anonymous_0)
FN:42,(anonymous_1)
FN:53,(anonymous_2)
FN:63,(anonymous_3)
FNF:4
FNH:4
FNDA:7,(anonymous_0)
FNDA:2,(anonymous_1)
FNDA:1,(anonymous_2)
FNDA:1,(anonymous_3)
DA:3,1
DA:4,1
DA:6,1
DA:14,1
DA:15,1
DA:16,1
DA:21,1
DA:22,1
DA:29,7
DA:31,1
DA:32,1
DA:36,1
DA:37,1
DA:43,2
DA:45,1
DA:46,1
DA:50,1
DA:54,1
DA:56,1
DA:57,1
DA:58,1
DA:63,1
LF:22
LH:22
BRF:0
BRH:0
end_of_record
