TN:
SF:/home/jay/codeBase/co-koa-cli/lib/CLIAction.js
FN:17,createProject
FN:20,(anonymous_1)
FN:21,(anonymous_2)
FN:22,(anonymous_3)
FN:30,(anonymous_4)
FN:52,(anonymous_5)
FN:61,(anonymous_6)
FNF:7
FNH:7
FNDA:2,createProject
FNDA:2,(anonymous_1)
FNDA:2,(anonymous_2)
FNDA:2,(anonymous_3)
FNDA:2,(anonymous_4)
FNDA:1,(anonymous_5)
FNDA:6,(anonymous_6)
DA:3,1
DA:4,1
DA:5,1
DA:6,1
DA:11,1
DA:13,1
DA:15,6
DA:18,2
DA:19,2
DA:20,2
DA:21,2
DA:22,2
DA:23,2
DA:26,2
DA:30,2
DA:31,2
DA:32,1
DA:33,2
DA:37,6
DA:39,6
DA:40,5
DA:42,2
DA:43,2
DA:44,2
DA:48,3
DA:49,3
DA:52,1
DA:53,1
DA:55,1
DA:61,6
LF:30
LH:30
BRDA:31,0,0,1
BRDA:31,0,1,1
BRDA:39,1,0,5
BRDA:39,1,1,1
BRDA:40,2,0,2
BRDA:40,2,1,1
BRDA:40,2,2,2
BRDA:40,2,3,3
BRDA:42,3,0,1
BRDA:42,3,1,1
BRF:10
BRH:10
end_of_record
